app/build/intermediates/manifest_merge_blame_file/debug/manifest-merger-blame-debug-report.txt
1<?xml version="1.0" encoding="utf-8"?>
2<manifest xmlns:android="http://schemas.android.com/apk/res/android"
3    package="com.bestweby.enewz"
4    android:versionCode="9"
5    android:versionName="1.5" >
6
7    <uses-sdk
8        android:minSdkVersion="17"
8-->src/main/AndroidManifest.xml
9        android:targetSdkVersion="29" />
9-->src/main/AndroidManifest.xml
10
11    <!-- network permissions -->
12    <uses-permission android:name="android.permission.INTERNET" />
12-->src/main/AndroidManifest.xml:7:5-67
12-->src/main/AndroidManifest.xml:7:22-64
13    <uses-permission android:name="android.permission.ACCESS_WIFI_STATE" />
13-->src/main/AndroidManifest.xml:8:5-76
13-->src/main/AndroidManifest.xml:8:22-73
14    <uses-permission android:name="android.permission.ACCESS_NETWORK_STATE" />
14-->src/main/AndroidManifest.xml:9:5-79
14-->src/main/AndroidManifest.xml:9:22-76
15    <uses-permission android:name="android.permission.VIBRATE" />
15-->src/main/AndroidManifest.xml:10:5-66
15-->src/main/AndroidManifest.xml:10:22-63
16
17    <!-- SD card write permission -->
18    <uses-permission android:name="android.permission.READ_EXTERNAL_STORAGE" />
18-->src/main/AndroidManifest.xml:13:5-80
18-->src/main/AndroidManifest.xml:13:22-77
19    <uses-permission android:name="android.permission.WRITE_EXTERNAL_STORAGE" />
19-->src/main/AndroidManifest.xml:14:5-81
19-->src/main/AndroidManifest.xml:14:22-78
20
21    <!-- Create a unique permission for your app and use it so only your app can receive your OneSignal messages. -->
22    <permission
22-->[com.onesignal:OneSignal:3.12.3] AndroidManifest.xml:7:5-9:47
23        android:name="com.bestweby.enewz.permission.C2D_MESSAGE"
23-->[com.onesignal:OneSignal:3.12.3] AndroidManifest.xml:8:9-63
24        android:protectionLevel="signature" />
24-->[com.onesignal:OneSignal:3.12.3] AndroidManifest.xml:9:9-44
25
26    <uses-permission android:name="com.bestweby.enewz.permission.C2D_MESSAGE" />
26-->[com.onesignal:OneSignal:3.12.3] AndroidManifest.xml:11:5-79
26-->[com.onesignal:OneSignal:3.12.3] AndroidManifest.xml:11:22-76
27    <uses-permission android:name="com.google.android.c2dm.permission.RECEIVE" /> <!-- Required, makes sure notifications are delivered on time. -->
27-->[com.onesignal:OneSignal:3.12.3] AndroidManifest.xml:17:5-82
27-->[com.onesignal:OneSignal:3.12.3] AndroidManifest.xml:17:22-79
28    <uses-permission android:name="android.permission.WAKE_LOCK" />
28-->[com.onesignal:OneSignal:3.12.3] AndroidManifest.xml:18:5-68
28-->[com.onesignal:OneSignal:3.12.3] AndroidManifest.xml:18:22-65
29    <!--
30 Use to restore notifications the user hasn't interacted with.
31         They could be missed notifications if the user reboots their device if this isn't in place.
32    -->
33    <uses-permission android:name="android.permission.RECEIVE_BOOT_COMPLETED" /> <!-- START: ShortcutBadger -->
33-->[com.onesignal:OneSignal:3.12.3] AndroidManifest.xml:29:5-81
33-->[com.onesignal:OneSignal:3.12.3] AndroidManifest.xml:29:22-78
34    <!-- Samsung -->
35    <uses-permission android:name="com.sec.android.provider.badge.permission.READ" />
35-->[com.onesignal:OneSignal:3.12.3] AndroidManifest.xml:31:5-86
35-->[com.onesignal:OneSignal:3.12.3] AndroidManifest.xml:31:22-83
36    <uses-permission android:name="com.sec.android.provider.badge.permission.WRITE" /> <!-- HTC -->
36-->[com.onesignal:OneSignal:3.12.3] AndroidManifest.xml:32:5-87
36-->[com.onesignal:OneSignal:3.12.3] AndroidManifest.xml:32:22-84
37    <uses-permission android:name="com.htc.launcher.permission.READ_SETTINGS" />
37-->[com.onesignal:OneSignal:3.12.3] AndroidManifest.xml:33:5-81
37-->[com.onesignal:OneSignal:3.12.3] AndroidManifest.xml:33:22-78
38    <uses-permission android:name="com.htc.launcher.permission.UPDATE_SHORTCUT" /> <!-- Sony -->
38-->[com.onesignal:OneSignal:3.12.3] AndroidManifest.xml:34:5-83
38-->[com.onesignal:OneSignal:3.12.3] AndroidManifest.xml:34:22-80
39    <uses-permission android:name="com.sonyericsson.home.permission.BROADCAST_BADGE" />
39-->[com.onesignal:OneSignal:3.12.3] AndroidManifest.xml:35:5-88
39-->[com.onesignal:OneSignal:3.12.3] AndroidManifest.xml:35:22-85
40    <uses-permission android:name="com.sonymobile.home.permission.PROVIDER_INSERT_BADGE" /> <!-- Apex -->
40-->[com.onesignal:OneSignal:3.12.3] AndroidManifest.xml:36:5-92
40-->[com.onesignal:OneSignal:3.12.3] AndroidManifest.xml:36:22-89
41    <uses-permission android:name="com.anddoes.launcher.permission.UPDATE_COUNT" /> <!-- Solid -->
41-->[com.onesignal:OneSignal:3.12.3] AndroidManifest.xml:37:5-84
41-->[com.onesignal:OneSignal:3.12.3] AndroidManifest.xml:37:22-81
42    <uses-permission android:name="com.majeur.launcher.permission.UPDATE_BADGE" /> <!-- Huawei -->
42-->[com.onesignal:OneSignal:3.12.3] AndroidManifest.xml:38:5-83
42-->[com.onesignal:OneSignal:3.12.3] AndroidManifest.xml:38:22-80
43    <uses-permission android:name="com.huawei.android.launcher.permission.CHANGE_BADGE" />
43-->[com.onesignal:OneSignal:3.12.3] AndroidManifest.xml:39:5-91
43-->[com.onesignal:OneSignal:3.12.3] AndroidManifest.xml:39:22-88
44    <uses-permission android:name="com.huawei.android.launcher.permission.READ_SETTINGS" />
44-->[com.onesignal:OneSignal:3.12.3] AndroidManifest.xml:40:5-92
44-->[com.onesignal:OneSignal:3.12.3] AndroidManifest.xml:40:22-89
45    <uses-permission android:name="com.huawei.android.launcher.permission.WRITE_SETTINGS" /> <!-- ZUK -->
45-->[com.onesignal:OneSignal:3.12.3] AndroidManifest.xml:41:5-93
45-->[com.onesignal:OneSignal:3.12.3] AndroidManifest.xml:41:22-90
46    <uses-permission android:name="android.permission.READ_APP_BADGE" /> <!-- OPPO -->
46-->[com.onesignal:OneSignal:3.12.3] AndroidManifest.xml:42:5-73
46-->[com.onesignal:OneSignal:3.12.3] AndroidManifest.xml:42:22-70
47    <uses-permission android:name="com.oppo.launcher.permission.READ_SETTINGS" />
47-->[com.onesignal:OneSignal:3.12.3] AndroidManifest.xml:43:5-82
47-->[com.onesignal:OneSignal:3.12.3] AndroidManifest.xml:43:22-79
48    <uses-permission android:name="com.oppo.launcher.permission.WRITE_SETTINGS" /> <!-- EvMe -->
48-->[com.onesignal:OneSignal:3.12.3] AndroidManifest.xml:44:5-83
48-->[com.onesignal:OneSignal:3.12.3] AndroidManifest.xml:44:22-80
49    <uses-permission android:name="me.everything.badger.permission.BADGE_COUNT_READ" />
49-->[com.onesignal:OneSignal:3.12.3] AndroidManifest.xml:45:5-88
49-->[com.onesignal:OneSignal:3.12.3] AndroidManifest.xml:45:22-85
50    <uses-permission android:name="me.everything.badger.permission.BADGE_COUNT_WRITE" />
50-->[com.onesignal:OneSignal:3.12.3] AndroidManifest.xml:46:5-89
50-->[com.onesignal:OneSignal:3.12.3] AndroidManifest.xml:46:22-86
51    <uses-permission android:name="com.google.android.finsky.permission.BIND_GET_INSTALL_REFERRER_SERVICE" />
51-->[com.google.android.gms:play-services-measurement:17.2.2] AndroidManifest.xml:26:5-110
51-->[com.google.android.gms:play-services-measurement:17.2.2] AndroidManifest.xml:26:22-107
52
53    <application
53-->src/main/AndroidManifest.xml:17:5-159:19
54        android:name="com.bestweby.enewz.app.BaseApplication"
54-->src/main/AndroidManifest.xml:18:9-44
55        android:allowBackup="false"
55-->src/main/AndroidManifest.xml:19:9-36
56        android:appComponentFactory="androidx.core.app.CoreComponentFactory"
56-->[androidx.core:core:1.1.0] AndroidManifest.xml:24:18-86
57        android:debuggable="true"
58        android:fullBackupContent="true"
58-->src/main/AndroidManifest.xml:20:9-41
59        android:icon="@drawable/ic_launcher"
59-->src/main/AndroidManifest.xml:21:9-45
60        android:label="@string/app_name"
60-->src/main/AndroidManifest.xml:22:9-41
61        android:largeHeap="true"
61-->src/main/AndroidManifest.xml:23:9-33
62        android:networkSecurityConfig="@xml/network_security_config"
62-->src/main/AndroidManifest.xml:24:9-69
63        android:supportsRtl="true"
63-->src/main/AndroidManifest.xml:25:9-35
64        android:testOnly="true"
65        android:theme="@style/AppTheme" >
65-->src/main/AndroidManifest.xml:26:9-40
66        <activity
66-->src/main/AndroidManifest.xml:30:9-51:20
67            android:name="com.bestweby.enewz.activity.SplashActivity"
67-->src/main/AndroidManifest.xml:31:13-52
68            android:launchMode="singleTask"
68-->src/main/AndroidManifest.xml:33:13-44
69            android:screenOrientation="portrait"
69-->src/main/AndroidManifest.xml:32:13-49
70            android:theme="@style/AppTheme" >
70-->src/main/AndroidManifest.xml:34:13-44
71            <intent-filter>
71-->src/main/AndroidManifest.xml:36:13-39:29
72                <action android:name="android.intent.action.MAIN" />
72-->src/main/AndroidManifest.xml:37:17-69
72-->src/main/AndroidManifest.xml:37:25-66
73
74                <category android:name="android.intent.category.LAUNCHER" />
74-->src/main/AndroidManifest.xml:38:17-77
74-->src/main/AndroidManifest.xml:38:27-74
75            </intent-filter>
76            <intent-filter android:autoVerify="true" >
76-->src/main/AndroidManifest.xml:41:13-49:29
76-->src/main/AndroidManifest.xml:41:28-53
77                <action android:name="android.intent.action.VIEW" />
77-->src/main/AndroidManifest.xml:42:17-69
77-->src/main/AndroidManifest.xml:42:25-66
78
79                <category android:name="android.intent.category.DEFAULT" />
79-->src/main/AndroidManifest.xml:43:17-76
79-->src/main/AndroidManifest.xml:43:27-73
80                <category android:name="android.intent.category.BROWSABLE" />
80-->src/main/AndroidManifest.xml:44:17-78
80-->src/main/AndroidManifest.xml:44:27-75
81
82                <data
82-->src/main/AndroidManifest.xml:46:17-142
83                    android:host="play.google.com"
83-->src/main/AndroidManifest.xml:46:46-76
84                    android:pathPrefix="/store/apps/details?id=com.bestweby.enewz"
84-->src/main/AndroidManifest.xml:46:77-139
85                    android:scheme="https" />
85-->src/main/AndroidManifest.xml:46:23-45
86                <data
86-->src/main/AndroidManifest.xml:46:17-142
87                    android:host="@string/website_domain"
87-->src/main/AndroidManifest.xml:46:46-76
88                    android:pathPrefix="/"
88-->src/main/AndroidManifest.xml:46:77-139
89                    android:scheme="http" />
89-->src/main/AndroidManifest.xml:46:23-45
90                <data
90-->src/main/AndroidManifest.xml:46:17-142
91                    android:host="@string/website_domain"
91-->src/main/AndroidManifest.xml:46:46-76
92                    android:pathPrefix="/"
92-->src/main/AndroidManifest.xml:46:77-139
93                    android:scheme="https" />
93-->src/main/AndroidManifest.xml:46:23-45
94            </intent-filter>
95        </activity>
96        <activity
96-->src/main/AndroidManifest.xml:53:9-56:59
97            android:name="com.bestweby.enewz.activity.NewsTemplateActivity"
97-->src/main/AndroidManifest.xml:54:13-58
98            android:screenOrientation="portrait"
98-->src/main/AndroidManifest.xml:55:13-49
99            android:theme="@style/AppTheme.Transparent" />
99-->src/main/AndroidManifest.xml:56:13-56
100        <activity
100-->src/main/AndroidManifest.xml:58:9-61:59
101            android:name="com.bestweby.enewz.activity.BlogTemplateActivity"
101-->src/main/AndroidManifest.xml:59:13-58
102            android:screenOrientation="portrait"
102-->src/main/AndroidManifest.xml:60:13-49
103            android:theme="@style/AppTheme.Transparent" />
103-->src/main/AndroidManifest.xml:61:13-56
104        <activity
104-->src/main/AndroidManifest.xml:63:9-66:59
105            android:name="com.bestweby.enewz.activity.ArticleTemplateActivity"
105-->src/main/AndroidManifest.xml:64:13-61
106            android:screenOrientation="portrait"
106-->src/main/AndroidManifest.xml:65:13-49
107            android:theme="@style/AppTheme.Transparent" />
107-->src/main/AndroidManifest.xml:66:13-56
108        <activity
108-->src/main/AndroidManifest.xml:68:9-71:59
109            android:name="com.bestweby.enewz.activity.StoryTemplateActivity"
109-->src/main/AndroidManifest.xml:69:13-59
110            android:screenOrientation="portrait"
110-->src/main/AndroidManifest.xml:70:13-49
111            android:theme="@style/AppTheme.Transparent" />
111-->src/main/AndroidManifest.xml:71:13-56
112        <activity
112-->src/main/AndroidManifest.xml:73:9-76:59
113            android:name="com.bestweby.enewz.activity.FeedTemplateActivity"
113-->src/main/AndroidManifest.xml:74:13-58
114            android:screenOrientation="portrait"
114-->src/main/AndroidManifest.xml:75:13-49
115            android:theme="@style/AppTheme.Transparent" />
115-->src/main/AndroidManifest.xml:76:13-56
116        <activity
116-->src/main/AndroidManifest.xml:78:9-82:59
117            android:name="com.bestweby.enewz.activity.PostDetailActivity"
117-->src/main/AndroidManifest.xml:79:13-56
118            android:configChanges="keyboard|keyboardHidden|screenLayout|screenSize|orientation"
118-->src/main/AndroidManifest.xml:80:13-96
119            android:screenOrientation="portrait"
119-->src/main/AndroidManifest.xml:81:13-49
120            android:theme="@style/DetailsActivityTheme" />
120-->src/main/AndroidManifest.xml:82:13-56
121        <activity
121-->src/main/AndroidManifest.xml:84:9-87:47
122            android:name="com.bestweby.enewz.activity.PostCommentsActivity"
122-->src/main/AndroidManifest.xml:85:13-58
123            android:screenOrientation="portrait"
123-->src/main/AndroidManifest.xml:86:13-49
124            android:theme="@style/AppTheme" />
124-->src/main/AndroidManifest.xml:87:13-44
125        <activity
125-->src/main/AndroidManifest.xml:89:9-92:47
126            android:name="com.bestweby.enewz.activity.CategoryActivity"
126-->src/main/AndroidManifest.xml:90:13-54
127            android:screenOrientation="portrait"
127-->src/main/AndroidManifest.xml:91:13-49
128            android:theme="@style/AppTheme" />
128-->src/main/AndroidManifest.xml:92:13-44
129        <activity
129-->src/main/AndroidManifest.xml:94:9-97:47
130            android:name="com.bestweby.enewz.activity.CategoryPostsActivity"
130-->src/main/AndroidManifest.xml:95:13-59
131            android:screenOrientation="portrait"
131-->src/main/AndroidManifest.xml:96:13-49
132            android:theme="@style/AppTheme" />
132-->src/main/AndroidManifest.xml:97:13-44
133        <activity
133-->src/main/AndroidManifest.xml:99:9-102:47
134            android:name="com.bestweby.enewz.activity.SubCategoryActivity"
134-->src/main/AndroidManifest.xml:100:13-57
135            android:screenOrientation="portrait"
135-->src/main/AndroidManifest.xml:101:13-49
136            android:theme="@style/AppTheme" />
136-->src/main/AndroidManifest.xml:102:13-44
137        <activity
137-->src/main/AndroidManifest.xml:104:9-107:47
138            android:name="com.bestweby.enewz.activity.SearchPostActivity"
138-->src/main/AndroidManifest.xml:105:13-56
139            android:screenOrientation="portrait"
139-->src/main/AndroidManifest.xml:106:13-49
140            android:theme="@style/AppTheme" />
140-->src/main/AndroidManifest.xml:107:13-44
141        <activity
141-->src/main/AndroidManifest.xml:109:9-112:47
142            android:name="com.bestweby.enewz.activity.MyFavouritesActivity"
142-->src/main/AndroidManifest.xml:110:13-58
143            android:screenOrientation="portrait"
143-->src/main/AndroidManifest.xml:111:13-49
144            android:theme="@style/AppTheme" />
144-->src/main/AndroidManifest.xml:112:13-44
145        <activity
145-->src/main/AndroidManifest.xml:114:9-117:47
146            android:name="com.bestweby.enewz.activity.NotificationActivity"
146-->src/main/AndroidManifest.xml:115:13-58
147            android:screenOrientation="portrait"
147-->src/main/AndroidManifest.xml:116:13-49
148            android:theme="@style/AppTheme" />
148-->src/main/AndroidManifest.xml:117:13-44
149        <activity
149-->src/main/AndroidManifest.xml:119:9-122:47
150            android:name="com.bestweby.enewz.activity.NotificationDetailActivity"
150-->src/main/AndroidManifest.xml:120:13-64
151            android:screenOrientation="portrait"
151-->src/main/AndroidManifest.xml:121:13-49
152            android:theme="@style/AppTheme" />
152-->src/main/AndroidManifest.xml:122:13-44
153        <activity
153-->src/main/AndroidManifest.xml:124:9-127:47
154            android:name="com.bestweby.enewz.activity.AppSettingsActivity"
154-->src/main/AndroidManifest.xml:125:13-57
155            android:screenOrientation="portrait"
155-->src/main/AndroidManifest.xml:126:13-49
156            android:theme="@style/AppTheme" />
156-->src/main/AndroidManifest.xml:127:13-44
157        <activity
157-->src/main/AndroidManifest.xml:129:9-132:47
158            android:name="com.bestweby.enewz.activity.WebContentActivity"
158-->src/main/AndroidManifest.xml:130:13-56
159            android:screenOrientation="portrait"
159-->src/main/AndroidManifest.xml:131:13-49
160            android:theme="@style/AppTheme" />
160-->src/main/AndroidManifest.xml:132:13-44
161
162        <service
162-->src/main/AndroidManifest.xml:134:9-141:19
163            android:name="com.bestweby.enewz.notification.NotificationRecieverService"
163-->src/main/AndroidManifest.xml:135:13-69
164            android:enabled="true"
164-->src/main/AndroidManifest.xml:136:13-35
165            android:exported="true" >
165-->src/main/AndroidManifest.xml:137:13-36
166            <intent-filter>
166-->src/main/AndroidManifest.xml:138:13-140:29
167                <action android:name="com.google.firebase.MESSAGING_EVENT" />
167-->src/main/AndroidManifest.xml:139:17-78
167-->src/main/AndroidManifest.xml:139:25-75
168            </intent-filter>
169        </service>
170
171        <meta-data
171-->src/main/AndroidManifest.xml:143:9-145:55
172            android:name="com.facebook.sdk.ApplicationId"
172-->src/main/AndroidManifest.xml:144:13-58
173            android:value="@string/FACEBOOK_APP_ID" />
173-->src/main/AndroidManifest.xml:145:13-52
174        <meta-data
174-->src/main/AndroidManifest.xml:147:9-149:52
175            android:name="com.google.android.gms.ads.APPLICATION_ID"
175-->src/main/AndroidManifest.xml:148:13-69
176            android:value="@string/admob_app_id" />
176-->src/main/AndroidManifest.xml:149:13-49
177        <meta-data
177-->src/main/AndroidManifest.xml:151:9-153:39
178            android:name="com.onesignal.NotificationOpened.DEFAULT"
178-->src/main/AndroidManifest.xml:152:13-68
179            android:value="DISABLE" />
179-->src/main/AndroidManifest.xml:153:13-36
180        <meta-data
180-->src/main/AndroidManifest.xml:155:9-157:72
181            android:name="io.fabric.ApiKey"
181-->src/main/AndroidManifest.xml:156:13-44
182            android:value="007092301d0b329669a3d8bbb6449bf9ee940879" />
182-->src/main/AndroidManifest.xml:157:13-69
183        <meta-data
183-->[com.onesignal:OneSignal:3.12.3] AndroidManifest.xml:49:9-51:51
184            android:name="onesignal_app_id"
184-->[com.onesignal:OneSignal:3.12.3] AndroidManifest.xml:50:13-44
185            android:value="bbda03de-c9a9-4577-866b-b09a3a8cc43d" /> <!-- Deprecated - Pulled from OneSignal dashboard. -->
185-->[com.onesignal:OneSignal:3.12.3] AndroidManifest.xml:51:13-48
186        <meta-data
186-->[com.onesignal:OneSignal:3.12.3] AndroidManifest.xml:53:9-55:70
187            android:name="onesignal_google_project_number"
187-->[com.onesignal:OneSignal:3.12.3] AndroidManifest.xml:54:13-59
188            android:value="str:REMOTE" />
188-->[com.onesignal:OneSignal:3.12.3] AndroidManifest.xml:55:13-67
189
190        <receiver
190-->[com.onesignal:OneSignal:3.12.3] AndroidManifest.xml:57:9-67:20
191            android:name="com.onesignal.GcmBroadcastReceiver"
191-->[com.onesignal:OneSignal:3.12.3] AndroidManifest.xml:58:13-62
192            android:permission="com.google.android.c2dm.permission.SEND" >
192-->[com.onesignal:OneSignal:3.12.3] AndroidManifest.xml:59:13-73
193
194            <!-- High priority so OneSignal payloads can be filtered from other GCM receivers if filterOtherGCMReceivers is enabled. -->
195            <intent-filter android:priority="999" >
195-->[com.onesignal:OneSignal:3.12.3] AndroidManifest.xml:62:13-66:29
195-->[com.onesignal:OneSignal:3.12.3] AndroidManifest.xml:62:28-50
196                <action android:name="com.google.android.c2dm.intent.RECEIVE" />
196-->[com.onesignal:OneSignal:3.12.3] AndroidManifest.xml:63:17-81
196-->[com.onesignal:OneSignal:3.12.3] AndroidManifest.xml:63:25-78
197
198                <category android:name="com.bestweby.enewz" />
198-->[com.onesignal:OneSignal:3.12.3] AndroidManifest.xml:65:17-61
198-->[com.onesignal:OneSignal:3.12.3] AndroidManifest.xml:65:27-58
199            </intent-filter>
200        </receiver>
201        <receiver android:name="com.onesignal.NotificationOpenedReceiver" />
201-->[com.onesignal:OneSignal:3.12.3] AndroidManifest.xml:68:9-77
201-->[com.onesignal:OneSignal:3.12.3] AndroidManifest.xml:68:19-74
202
203        <service android:name="com.onesignal.GcmIntentService" />
203-->[com.onesignal:OneSignal:3.12.3] AndroidManifest.xml:70:9-66
203-->[com.onesignal:OneSignal:3.12.3] AndroidManifest.xml:70:18-63
204        <service
204-->[com.onesignal:OneSignal:3.12.3] AndroidManifest.xml:71:9-73:72
205            android:name="com.onesignal.GcmIntentJobService"
205-->[com.onesignal:OneSignal:3.12.3] AndroidManifest.xml:72:13-61
206            android:permission="android.permission.BIND_JOB_SERVICE" />
206-->[com.onesignal:OneSignal:3.12.3] AndroidManifest.xml:73:13-69
207        <service
207-->[com.onesignal:OneSignal:3.12.3] AndroidManifest.xml:74:9-76:72
208            android:name="com.onesignal.RestoreJobService"
208-->[com.onesignal:OneSignal:3.12.3] AndroidManifest.xml:75:13-59
209            android:permission="android.permission.BIND_JOB_SERVICE" />
209-->[com.onesignal:OneSignal:3.12.3] AndroidManifest.xml:76:13-69
210        <service
210-->[com.onesignal:OneSignal:3.12.3] AndroidManifest.xml:77:9-79:72
211            android:name="com.onesignal.RestoreKickoffJobService"
211-->[com.onesignal:OneSignal:3.12.3] AndroidManifest.xml:78:13-66
212            android:permission="android.permission.BIND_JOB_SERVICE" />
212-->[com.onesignal:OneSignal:3.12.3] AndroidManifest.xml:79:13-69
213        <service
213-->[com.onesignal:OneSignal:3.12.3] AndroidManifest.xml:80:9-82:43
214            android:name="com.onesignal.SyncService"
214-->[com.onesignal:OneSignal:3.12.3] AndroidManifest.xml:81:13-53
215            android:stopWithTask="true" />
215-->[com.onesignal:OneSignal:3.12.3] AndroidManifest.xml:82:13-40
216        <service
216-->[com.onesignal:OneSignal:3.12.3] AndroidManifest.xml:83:9-85:72
217            android:name="com.onesignal.SyncJobService"
217-->[com.onesignal:OneSignal:3.12.3] AndroidManifest.xml:84:13-56
218            android:permission="android.permission.BIND_JOB_SERVICE" />
218-->[com.onesignal:OneSignal:3.12.3] AndroidManifest.xml:85:13-69
219
220        <activity
220-->[com.onesignal:OneSignal:3.12.3] AndroidManifest.xml:87:9-89:75
221            android:name="com.onesignal.PermissionsActivity"
221-->[com.onesignal:OneSignal:3.12.3] AndroidManifest.xml:88:13-61
222            android:theme="@android:style/Theme.Translucent.NoTitleBar" />
222-->[com.onesignal:OneSignal:3.12.3] AndroidManifest.xml:89:13-72
223
224        <service android:name="com.onesignal.NotificationRestoreService" />
224-->[com.onesignal:OneSignal:3.12.3] AndroidManifest.xml:91:9-76
224-->[com.onesignal:OneSignal:3.12.3] AndroidManifest.xml:91:18-73
225
226        <receiver android:name="com.onesignal.BootUpReceiver" >
226-->[com.onesignal:OneSignal:3.12.3] AndroidManifest.xml:93:9-98:20
226-->[com.onesignal:OneSignal:3.12.3] AndroidManifest.xml:93:19-62
227            <intent-filter>
227-->[com.onesignal:OneSignal:3.12.3] AndroidManifest.xml:94:13-97:29
228                <action android:name="android.intent.action.BOOT_COMPLETED" />
228-->[com.onesignal:OneSignal:3.12.3] AndroidManifest.xml:95:17-79
228-->[com.onesignal:OneSignal:3.12.3] AndroidManifest.xml:95:25-76
229                <action android:name="android.intent.action.QUICKBOOT_POWERON" />
229-->[com.onesignal:OneSignal:3.12.3] AndroidManifest.xml:96:17-82
229-->[com.onesignal:OneSignal:3.12.3] AndroidManifest.xml:96:25-79
230            </intent-filter>
231        </receiver>
232        <receiver android:name="com.onesignal.UpgradeReceiver" >
232-->[com.onesignal:OneSignal:3.12.3] AndroidManifest.xml:99:9-103:20
232-->[com.onesignal:OneSignal:3.12.3] AndroidManifest.xml:99:19-63
233            <intent-filter>
233-->[com.onesignal:OneSignal:3.12.3] AndroidManifest.xml:100:13-102:29
234                <action android:name="android.intent.action.MY_PACKAGE_REPLACED" />
234-->[com.onesignal:OneSignal:3.12.3] AndroidManifest.xml:101:17-84
234-->[com.onesignal:OneSignal:3.12.3] AndroidManifest.xml:101:25-81
235            </intent-filter>
236        </receiver>
237
238        <provider
238-->[com.squareup.picasso:picasso:2.71828] AndroidManifest.xml:8:9-11:40
239            android:name="com.squareup.picasso.PicassoProvider"
239-->[com.squareup.picasso:picasso:2.71828] AndroidManifest.xml:9:13-64
240            android:authorities="com.bestweby.enewz.com.squareup.picasso"
240-->[com.squareup.picasso:picasso:2.71828] AndroidManifest.xml:10:13-72
241            android:exported="false" />
241-->[com.squareup.picasso:picasso:2.71828] AndroidManifest.xml:11:13-37
242        <!--
243             FirebaseMessagingService performs security checks at runtime,
244             but set to not exported to explicitly avoid allowing another app to call it.
245        -->
246        <service
246-->[com.google.firebase:firebase-messaging:20.1.0] AndroidManifest.xml:28:9-34:19
247            android:name="com.google.firebase.messaging.FirebaseMessagingService"
247-->[com.google.firebase:firebase-messaging:20.1.0] AndroidManifest.xml:29:13-82
248            android:exported="false" >
248-->[com.google.firebase:firebase-messaging:20.1.0] AndroidManifest.xml:30:13-37
249            <intent-filter android:priority="-500" >
249-->src/main/AndroidManifest.xml:138:13-140:29
250                <action android:name="com.google.firebase.MESSAGING_EVENT" />
250-->src/main/AndroidManifest.xml:139:17-78
250-->src/main/AndroidManifest.xml:139:25-75
251            </intent-filter>
252        </service>
253        <service
253-->[com.google.firebase:firebase-messaging:20.1.0] AndroidManifest.xml:35:9-41:19
254            android:name="com.google.firebase.components.ComponentDiscoveryService"
254-->[com.google.firebase:firebase-messaging:20.1.0] AndroidManifest.xml:36:13-84
255            android:directBootAware="true"
255-->[com.google.firebase:firebase-common:19.3.0] AndroidManifest.xml:34:13-43
256            android:exported="false" >
256-->[com.google.firebase:firebase-messaging:20.1.0] AndroidManifest.xml:37:13-37
257            <meta-data
257-->[com.google.firebase:firebase-messaging:20.1.0] AndroidManifest.xml:38:13-40:85
258                android:name="com.google.firebase.components:com.google.firebase.messaging.FirebaseMessagingRegistrar"
258-->[com.google.firebase:firebase-messaging:20.1.0] AndroidManifest.xml:39:17-119
259                android:value="com.google.firebase.components.ComponentRegistrar" />
259-->[com.google.firebase:firebase-messaging:20.1.0] AndroidManifest.xml:40:17-82
260            <meta-data
260-->[com.google.firebase:firebase-datatransport:17.0.3] AndroidManifest.xml:28:13-30:85
261                android:name="com.google.firebase.components:com.google.firebase.datatransport.TransportRegistrar"
261-->[com.google.firebase:firebase-datatransport:17.0.3] AndroidManifest.xml:29:17-115
262                android:value="com.google.firebase.components.ComponentRegistrar" />
262-->[com.google.firebase:firebase-datatransport:17.0.3] AndroidManifest.xml:30:17-82
263            <meta-data
263-->[com.google.android.gms:play-services-measurement-api:17.2.2] AndroidManifest.xml:30:13-32:85
264                android:name="com.google.firebase.components:com.google.firebase.analytics.connector.internal.AnalyticsConnectorRegistrar"
264-->[com.google.android.gms:play-services-measurement-api:17.2.2] AndroidManifest.xml:31:17-139
265                android:value="com.google.firebase.components.ComponentRegistrar" />
265-->[com.google.android.gms:play-services-measurement-api:17.2.2] AndroidManifest.xml:32:17-82
266            <meta-data
266-->[com.google.firebase:firebase-iid:20.0.2] AndroidManifest.xml:32:13-34:85
267                android:name="com.google.firebase.components:com.google.firebase.iid.Registrar"
267-->[com.google.firebase:firebase-iid:20.0.2] AndroidManifest.xml:33:17-96
268                android:value="com.google.firebase.components.ComponentRegistrar" />
268-->[com.google.firebase:firebase-iid:20.0.2] AndroidManifest.xml:34:17-82
269        </service>
270        <service
270-->[androidx.room:room-runtime:2.2.3] AndroidManifest.xml:25:9-27:40
271            android:name="androidx.room.MultiInstanceInvalidationService"
271-->[androidx.room:room-runtime:2.2.3] AndroidManifest.xml:26:13-74
272            android:exported="false" />
272-->[androidx.room:room-runtime:2.2.3] AndroidManifest.xml:27:13-37
273
274        <receiver
274-->[com.google.firebase:firebase-iid:20.0.2] AndroidManifest.xml:37:9-44:20
275            android:name="com.google.firebase.iid.FirebaseInstanceIdReceiver"
275-->[com.google.firebase:firebase-iid:20.0.2] AndroidManifest.xml:38:13-78
276            android:exported="true"
276-->[com.google.firebase:firebase-iid:20.0.2] AndroidManifest.xml:39:13-36
277            android:permission="com.google.android.c2dm.permission.SEND" >
277-->[com.google.firebase:firebase-iid:20.0.2] AndroidManifest.xml:40:13-73
278            <intent-filter>
278-->[com.google.firebase:firebase-iid:20.0.2] AndroidManifest.xml:41:13-43:29